1747883579148	geckodriver	INFO	Listening on 127.0.0.1:59737
1747883579172	mozrunner::runner	INFO	Running command: MOZ_CRASHREPORTER="1" MOZ_CRASHREPORTER_NO_REPORT="1" MOZ_CRASHREPORTER_SHUTDOWN="1" "/Applications/Firefox. ... s" "localhost" "-foreground" "-no-remote" "-profile" "/var/folders/kp/d36_lv055l7b6mmlqz56r8wh_smcs_/T/rust_mozprofileGw0NJ8"
console.warn: services.settings: Ignoring preference override of remote settings server
console.warn: services.settings: Allow by setting MOZ_REMOTE_SETTINGS_DEVTOOLS=1 in the environment
1747883579604	Marionette	INFO	Marionette enabled
1747883579807	Marionette	INFO	Listening on port 59743
WebDriver BiDi listening on ws://127.0.0.1:59738
Read port: 59743
console.error: Policies: 
  Download failed - ERROR_CORRUPT_FILE - file:///opt/snow/FFCloudmetering.xpi
1747883579944	RemoteAgent	WARN	TLS certificate errors will be ignored for this session
UNSUPPORTED (log once): POSSIBLE ISSUE: unit 1 GLD_TEXTURE_INDEX_2D is unloadable and bound to sampler type (Float) - using zero texture because texture unloadable
JavaScript warning: https://www.amazon.com.br/, line 3807: WEBGL_debug_renderer_info is deprecated in Firefox and will be removed. Please use RENDERER.
JavaScript warning: https://m.media-amazon.com/images/I/A1FPuLcWt6L.js, line 27: Script terminated by timeout at:
sendBeaconEvents@https://m.media-amazon.com/images/I/A1FPuLcWt6L.js:27:251943
prepareSendEvents/<@https://m.media-amazon.com/images/I/A1FPuLcWt6L.js:27:250088

JavaScript warning: https://www.amazon.com.br/Eletronicos-e-Tecnologia/b/?ie=UTF8&node=16209062011&ref_=nav_cs_electronics, line 5704: WEBGL_debug_renderer_info is deprecated in Firefox and will be removed. Please use RENDERER.
1747883584852	Marionette	INFO	Stopped listening on port 59743
JavaScript warning: https://www.amazon.com.br/Eletronicos-e-Tecnologia/b/?ie=UTF8&node=16209062011&ref_=nav_cs_electronics, line 5652: Script terminated by timeout at:
l@https://www.amazon.com.br/Eletronicos-e-Tecnologia/b/?ie=UTF8&node=16209062011&ref_=nav_cs_electronics:5652:262

