1747883585670	geckodriver	INFO	Listening on 127.0.0.1:59796
1747883585690	mozrunner::runner	INFO	Running command: MOZ_CRASHREPORTER="1" MOZ_CRASHREPORTER_NO_REPORT="1" MOZ_CRASHREPORTER_SHUTDOWN="1" "/Applications/Firefox. ... s" "localhost" "-foreground" "-no-remote" "-profile" "/var/folders/kp/d36_lv055l7b6mmlqz56r8wh_smcs_/T/rust_mozprofilecEukZY"
console.warn: services.settings: Ignoring preference override of remote settings server
console.warn: services.settings: Allow by setting MOZ_REMOTE_SETTINGS_DEVTOOLS=1 in the environment
1747883586148	Marionette	INFO	Marionette enabled
1747883586379	Marionette	INFO	Listening on port 59802
WebDriver BiDi listening on ws://127.0.0.1:59797
Read port: 59802
1747883586515	RemoteAgent	WARN	TLS certificate errors will be ignored for this session
console.error: Policies: 
  Download failed - ERROR_CORRUPT_FILE - file:///opt/snow/FFCloudmetering.xpi
UNSUPPORTED (log once): POSSIBLE ISSUE: unit 1 GLD_TEXTURE_INDEX_2D is unloadable and bound to sampler type (Float) - using zero texture because texture unloadable
JavaScript warning: https://www.amazon.com.br/, line 3818: WEBGL_debug_renderer_info is deprecated in Firefox and will be removed. Please use RENDERER.
JavaScript error: , line 0: TypeError: NetworkError when attempting to fetch resource.
JavaScript error: , line 0: TypeError: NetworkError when attempting to fetch resource.
JavaScript warning: https://www.amazon.com.br/s?k=Xbox+Series+S&__mk_pt_BR=%C3%85M%C3%85%C5%BD%C3%95%C3%91&ref=nb_sb_noss, line 7068: WEBGL_debug_renderer_info is deprecated in Firefox and will be removed. Please use RENDERER.
1747883590725	Marionette	INFO	Stopped listening on port 59802
JavaScript warning: https://m.media-amazon.com/images/I/A1FPuLcWt6L.js, line 27: Script terminated by timeout at:
recordTimeInTotal@https://m.media-amazon.com/images/I/A1FPuLcWt6L.js:27:246541
createViewabilityEvent@https://m.media-amazon.com/images/I/A1FPuLcWt6L.js:27:246572
sendBeaconEvents@https://m.media-amazon.com/images/I/A1FPuLcWt6L.js:27:251739
prepareSendEvents/<@https://m.media-amazon.com/images/I/A1FPuLcWt6L.js:27:250088

JavaScript warning: https://www.amazon.com.br/s?k=Xbox+Series+S&__mk_pt_BR=%C3%85M%C3%85%C5%BD%C3%95%C3%91&ref=nb_sb_noss, line 7016: Script terminated by timeout at:
l@https://www.amazon.com.br/s?k=Xbox+Series+S&__mk_pt_BR=%C3%85M%C3%85%C5%BD%C3%95%C3%91&ref=nb_sb_noss:7016:262

