1747883591477	geckodriver	INFO	Listening on 127.0.0.1:59854
1747883591490	mozrunner::runner	INFO	Running command: MOZ_CRASHREPORTER="1" MOZ_CRASHREPORTER_NO_REPORT="1" MOZ_CRASHREPORTER_SHUTDOWN="1" "/Applications/Firefox. ... s" "localhost" "-foreground" "-no-remote" "-profile" "/var/folders/kp/d36_lv055l7b6mmlqz56r8wh_smcs_/T/rust_mozprofilegc6Sjb"
console.warn: services.settings: Ignoring preference override of remote settings server
console.warn: services.settings: Allow by setting MOZ_REMOTE_SETTINGS_DEVTOOLS=1 in the environment
1747883591875	Marionette	INFO	Marionette enabled
1747883592079	Marionette	INFO	Listening on port 59860
WebDriver BiDi listening on ws://127.0.0.1:59855
Read port: 59860
console.error: Policies: 
  Download failed - ERROR_CORRUPT_FILE - file:///opt/snow/FFCloudmetering.xpi
1747883592205	RemoteAgent	WARN	TLS certificate errors will be ignored for this session
UNSUPPORTED (log once): POSSIBLE ISSUE: unit 1 GLD_TEXTURE_INDEX_2D is unloadable and bound to sampler type (Float) - using zero texture because texture unloadable
JavaScript warning: https://www.amazon.com.br/, line 3809: WEBGL_debug_renderer_info is deprecated in Firefox and will be removed. Please use RENDERER.
JavaScript warning: https://www.amazon.com.br/s?k=Xbox+Series+S&__mk_pt_BR=%C3%85M%C3%85%C5%BD%C3%95%C3%91&ref=nb_sb_noss, line 7058: WEBGL_debug_renderer_info is deprecated in Firefox and will be removed. Please use RENDERER.
JavaScript warning: https://m.media-amazon.com/images/I/A1FPuLcWt6L.js, line 27: Script terminated by timeout at:
recordTimeInTotal@https://m.media-amazon.com/images/I/A1FPuLcWt6L.js:27:246541
createViewabilityEvent@https://m.media-amazon.com/images/I/A1FPuLcWt6L.js:27:246572
sendBeaconEvents@https://m.media-amazon.com/images/I/A1FPuLcWt6L.js:27:251739
prepareSendEvents/<@https://m.media-amazon.com/images/I/A1FPuLcWt6L.js:27:250088

JavaScript warning: https://www.amazon.com.br/Microsoft-Console-Xbox-Series-S/dp/B08JN2VMGX/ref=sr_1_1?__mk_pt_BR=%C3%85M%C3%85%C5%BD%C3%95%C3%91&dib=eyJ2IjoiMSJ9.qwS9M7E8BeNXRLmMk2GpmicyYEyvU9g-509GfgYoUNvyNDQFN_8XZvSSlCH7a3plcDcUvnLog72UICrvb7KdS-lH9as1_ncK-7eeEYWiOuqfCqn8KJ2-ChPuq4ZwYq4pU9e5UdUrn_t2v6RniQyh2Z-Cu_2iSis0WAB-nbwTAN4izK-_FBjML13Oplv-uyDVf06d7Mlwf4XuUXwcE9xdpTTX5tIHtmvA1yk9Ani8543b9XMNICVtvpC-eeQTle8ZCZk0JUjsSPPoJa-VCNlj79KrXsV5ffSB63z7mqCf6xs.IOyWCNrCwihJM0lQhwklQiq1Sf5j3XMOfVscimK8Ves&dib_tag=se&keywords=Xbox+Series+S&qid=1747883595&sr=8-1&ufe=app_do%3Aamzn1.fos.a492fd4a-f54d-4e8d-8c31-35e0a04ce61e, line 9317: WEBGL_debug_renderer_info is deprecated in Firefox and will be removed. Please use RENDERER.
JavaScript warning: https://www.amazon.com.br/cart/add-to-cart/ref=dp_start-bbf_1_glance, line 3370: WEBGL_debug_renderer_info is deprecated in Firefox and will be removed. Please use RENDERER.
console.error: [Exception... "Component is not available"  nsresult: "0x80040111 (NS_ERROR_NOT_AVAILABLE)"  location: "<unknown>"  data: no]
JavaScript warning: https://www.amazon.com.br/gp/cart/view.html?ref_=nav_cart, line 5936: WEBGL_debug_renderer_info is deprecated in Firefox and will be removed. Please use RENDERER.
1747883607020	Marionette	INFO	Stopped listening on port 59860
JavaScript warning: https://m.media-amazon.com/images/I/11+0JiZJDpL._RC|11Y+5x+kkTL.js,51G4EaNuYYL.js,1194WzDf49L.js,11SmaQaIN9L.js,01OjGWT6e3L.js,01DYUXZnczL.js,21NadQlXUWL.js,01vRf9id2EL.js,11a7qqY8xXL.js,11rRjDLdAVL.js,51C4kaFbiAL.js,11FhdH2HZwL.js,11wb9K3sw0L.js,11BrgrMAHUL.js,11GYEyswV2L.js,210X-JWUe-L.js,01Svfxfy8OL.js,51hrOUe5lOL.js,01ikBbTAneL.js,31KAF--uG1L.js,01qXJuwGmxL.js,01WlsjNmqIL.js,11F929pmpYL.js,31vxRYDelFL.js,01rpauTep4L.js,31wjiT+nvTL.js,011FfPwYqHL.js,213iL7Jf1nL.js,014gnDeJDsL.js,11vb6P5C5AL.js,01YMJq50PVL.js_.js?AUIClients/AmazonUI#372963-T1, line 3: Script terminated by timeout at:
@https://m.media-amazon.com/images/I/11+0JiZJDpL._RC|11Y+5x+kkTL.js,51G4EaNuYYL.js,1194WzDf49L.js,11SmaQaIN9L.js,01OjGWT6e3L.js,01DYUXZnczL.js,21NadQlXUWL.js,01vRf9id2EL.js,11a7qqY8xXL.js,11rRjDLdAVL.js,51C4kaFbiAL.js,11FhdH2HZwL.js,11wb9K3sw0L.js,11BrgrMAHUL.js,11GYEyswV2L.js,210X-JWUe-L.js,01Svfxfy8OL.js,51hrOUe5lOL.js,01ikBbTAneL.js,31KAF--uG1L.js,01qXJuwGmxL.js,01WlsjNmqIL.js,11F929pmpYL.js,31vxRYDelFL.js,01rpauTep4L.js,31wjiT+nvTL.js,011FfPwYqHL.js,213iL7Jf1nL.js,014gnDeJDsL.js,11vb6P5C5AL.js,01YMJq50PVL.js_.js?AUIClients/AmazonUI#372963-T1:3:266

